Zookeeper Dennis arrived for day 1.
Zookeeper Dennis put on their uniform
Zookeeper Dennis tried to wake up Ken the Kangaroo
Ken the Kangaroo woke up
Zookeeper Dennis tried to wake up Kevin the Kangaroo
Kevin the Kangaroo woke up
Zookeeper Dennis tried to wake up Wendy the Wombat
Wendy the Wombat woke up
Zookeeper Dennis tried to wake up William the Wombat
William the Wombat woke up
Zookeeper Dennis tried to wake up Elmer the Elephant
Elmer the elephant woke up
Zookeeper Dennis tried to wake up Edd the Elephant
Edd the elephant woke up
Zookeeper Dennis tried to wake up Henry the Hippo
Henry the hippo woke up
Zookeeper Dennis tried to wake up Herk the Hippo
Herk the hippo woke up
Zookeeper Dennis tried to wake up Ryan the Rhino
Ryan the rhino woke up
Zookeeper Dennis tried to wake up Rex the Rhino
Rex the rhino woke up
Zookeeper Dennis tried to wake up Carry the Cat
Carry the Cat Wakes up
Zookeeper Dennis tried to wake up Carl the Cat
Carl the Cat Wakes up
Zookeeper Dennis tried to wake up Tim the Tiger
Tim the Tiger Wakes up
Zookeeper Dennis tried to wake up Terry the Tiger
Terry the Tiger Wakes up
Zookeeper Dennis tried to wake up Derek the Dog
Derek the Wolf Wakes up
Zookeeper Dennis tried to wake up Dennis the Dog
Dennis the Wolf Wakes up
Zookeeper Dennis tried to wake up Wayne the Wolf
Wayne the Wolf Wakes up
Zookeeper Dennis tried to wake up Wes the Wolf
Wes the Wolf Wakes up
Zookeeper Dennis tried to role call Ken the Kangaroo
Ken the Kangaroo makes a noise
Zookeeper Dennis tried to role call Kevin the Kangaroo
Kevin the Kangaroo makes a noise
Zookeeper Dennis tried to role call Wendy the Wombat
Wendy the Wombat makes a noise
Zookeeper Dennis tried to role call William the Wombat
William the Wombat makes a noise
Zookeeper Dennis tried to role call Elmer the Elephant
Elmer the elephant makes a noise
Zookeeper Dennis tried to role call Edd the Elephant
Edd the elephant makes a noise
Zookeeper Dennis tried to role call Henry the Hippo
Henry the hippo makes a noise
Zookeeper Dennis tried to role call Herk the Hippo
Herk the hippo makes a noise
Zookeeper Dennis tried to role call Ryan the Rhino
Ryan the rhino makes a noise
Zookeeper Dennis tried to role call Rex the Rhino
Rex the rhino makes a noise
Zookeeper Dennis tried to role call Carry the Cat
Carry the Cat makes a noise
Zookeeper Dennis tried to role call Carl the Cat
Carl the Cat makes a noise
Zookeeper Dennis tried to role call Tim the Tiger
Tim the Tiger makes a noise
Zookeeper Dennis tried to role call Terry the Tiger
Terry the Tiger makes a noise
Zookeeper Dennis tried to role call Derek the Dog
Derek the Wolf makes a noise
Zookeeper Dennis tried to role call Dennis the Dog
Dennis the Wolf makes a noise
Zookeeper Dennis tried to role call Wayne the Wolf
Wayne the Wolf makes a noise
Zookeeper Dennis tried to role call Wes the Wolf
Wes the Wolf makes a noise
Zookeeper Dennis tried to feed Ken the Kangaroo
Ken the Kangaroo ate
Zookeeper Dennis tried to feed Kevin the Kangaroo
Kevin the Kangaroo ate
Zookeeper Dennis tried to feed Wendy the Wombat
Wendy the Wombat ate
Zookeeper Dennis tried to feed William the Wombat
William the Wombat ate
Zookeeper Dennis tried to feed Elmer the Elephant
Elmer the elephant ate
Zookeeper Dennis tried to feed Edd the Elephant
Edd the elephant ate
Zookeeper Dennis tried to feed Henry the Hippo
Henry the hippo ate
Zookeeper Dennis tried to feed Herk the Hippo
Herk the hippo ate
Zookeeper Dennis tried to feed Ryan the Rhino
Ryan the rhino ate
Zookeeper Dennis tried to feed Rex the Rhino
Rex the rhino ate
Zookeeper Dennis tried to feed Carry the Cat
Carry the Cat eats something tasty
Zookeeper Dennis tried to feed Carl the Cat
Carl the Cat eats something tasty
Zookeeper Dennis tried to feed Tim the Tiger
Tim the Tiger eats something tasty
Zookeeper Dennis tried to feed Terry the Tiger
Terry the Tiger eats something tasty
Zookeeper Dennis tried to feed Derek the Dog
Derek the Wolf eats something tasty
Zookeeper Dennis tried to feed Dennis the Dog
Dennis the Wolf eats something tasty
Zookeeper Dennis tried to feed Wayne the Wolf
Wayne the Wolf eats something tasty
Zookeeper Dennis tried to feed Wes the Wolf
Wes the Wolf eats something tasty
Zookeeper Dennis tried to exercise Ken the Kangaroo
Ken the Kangaroo decided to roam around
Zookeeper Dennis tried to exercise Kevin the Kangaroo
Kevin the Kangaroo decided to roam around
Zookeeper Dennis tried to exercise Wendy the Wombat
Wendy the Wombat decided to roam around
Zookeeper Dennis tried to exercise William the Wombat
William the Wombat decided to roam around
Zookeeper Dennis tried to exercise Elmer the Elephant
Elmer the Elephant decided to charge rather than roam
Zookeeper Dennis tried to exercise Edd the Elephant
Edd the Elephant decided to roam around
Zookeeper Dennis tried to exercise Henry the Hippo
Henry the Hippo decided to roam around
Zookeeper Dennis tried to exercise Herk the Hippo
Herk the Hippo decided to roam around
Zookeeper Dennis tried to exercise Ryan the Rhino
Ryan the Rhino decided to roam around
Zookeeper Dennis tried to exercise Rex the Rhino
Rex the Rhino decided to roam around
Zookeeper Dennis tried to exercise Carry the Cat
Carry the Cat roams around the cage
Zookeeper Dennis tried to exercise Carl the Cat
Carl the Cat roams around the cage
Zookeeper Dennis tried to exercise Tim the Tiger
Tim the Tiger roams around the cage
Zookeeper Dennis tried to exercise Terry the Tiger
Terry the Tiger roams around the cage
Zookeeper Dennis tried to exercise Derek the Dog
Derek the Wolf dig around the cage
Zookeeper Dennis tried to exercise Dennis the Dog
Dennis the Wolf dig around the cage
Zookeeper Dennis tried to exercise Wayne the Wolf
Wayne the Wolf roams around the cage
Zookeeper Dennis tried to exercise Wes the Wolf
Wes the Wolf roams around the cage
Zookeeper Dennis tells Ken the Kangaroo to sleep.
Ken the Kangaroo went to sleep
Zookeeper Dennis tells Kevin the Kangaroo to sleep.
Kevin the Kangaroo went to sleep
Zookeeper Dennis tells Wendy the Wombat to sleep.
Wendy the Wombat went to sleep
Zookeeper Dennis tells William the Wombat to sleep.
William the Wombat went to sleep
Zookeeper Dennis tells Elmer the Elephant to sleep.
Elmer the elephant went to sleep
Zookeeper Dennis tells Edd the Elephant to sleep.
Edd the elephant went to sleep
Zookeeper Dennis tells Henry the Hippo to sleep.
Henry the hippo went to sleep
Zookeeper Dennis tells Herk the Hippo to sleep.
Herk the hippo went to sleep
Zookeeper Dennis tells Ryan the Rhino to sleep.
Ryan the rhino went to sleep
Zookeeper Dennis tells Rex the Rhino to sleep.
Rex the rhino went to sleep
Zookeeper Dennis tells Carry the Cat to sleep.
Carry the Cat went to sleep.
Zookeeper Dennis tells Carl the Cat to sleep.
Carl the Cat makes a noise
Zookeeper Dennis tells Tim the Tiger to sleep.
Tim the Tiger went to sleep.
Zookeeper Dennis tells Terry the Tiger to sleep.
Terry the Tiger roams around the cage
Zookeeper Dennis tells Derek the Dog to sleep.
Derek the Wolf sleeps in the cage
Zookeeper Dennis tells Dennis the Dog to sleep.
Dennis the Wolf sleeps in the cage
Zookeeper Dennis tells Wayne the Wolf to sleep.
Wayne the Wolf sleeps in the cage
Zookeeper Dennis tells Wes the Wolf to sleep.
Wes the Wolf sleeps in the cage
Zookeeper Dennis has left for day 1.

Zookeeper Dennis arrived for day 2.
Zookeeper Dennis put on their uniform
Zookeeper Dennis tried to wake up Ken the Kangaroo
Ken the Kangaroo woke up
Zookeeper Dennis tried to wake up Kevin the Kangaroo
Kevin the Kangaroo woke up
Zookeeper Dennis tried to wake up Wendy the Wombat
Wendy the Wombat woke up
Zookeeper Dennis tried to wake up William the Wombat
William the Wombat woke up
Zookeeper Dennis tried to wake up Elmer the Elephant
Elmer the elephant woke up
Zookeeper Dennis tried to wake up Edd the Elephant
Edd the elephant woke up
Zookeeper Dennis tried to wake up Henry the Hippo
Henry the hippo woke up
Zookeeper Dennis tried to wake up Herk the Hippo
Herk the hippo woke up
Zookeeper Dennis tried to wake up Ryan the Rhino
Ryan the rhino woke up
Zookeeper Dennis tried to wake up Rex the Rhino
Rex the rhino woke up
Zookeeper Dennis tried to wake up Carry the Cat
Carry the Cat Wakes up
Zookeeper Dennis tried to wake up Carl the Cat
Carl the Cat Wakes up
Zookeeper Dennis tried to wake up Tim the Tiger
Tim the Tiger Wakes up
Zookeeper Dennis tried to wake up Terry the Tiger
Terry the Tiger Wakes up
Zookeeper Dennis tried to wake up Derek the Dog
Derek the Wolf Wakes up
Zookeeper Dennis tried to wake up Dennis the Dog
Dennis the Wolf Wakes up
Zookeeper Dennis tried to wake up Wayne the Wolf
Wayne the Wolf Wakes up
Zookeeper Dennis tried to wake up Wes the Wolf
Wes the Wolf Wakes up
Zookeeper Dennis tried to role call Ken the Kangaroo
Ken the Kangaroo makes a noise
Zookeeper Dennis tried to role call Kevin the Kangaroo
Kevin the Kangaroo makes a noise
Zookeeper Dennis tried to role call Wendy the Wombat
Wendy the Wombat makes a noise
Zookeeper Dennis tried to role call William the Wombat
William the Wombat makes a noise
Zookeeper Dennis tried to role call Elmer the Elephant
Elmer the elephant makes a noise
Zookeeper Dennis tried to role call Edd the Elephant
Edd the elephant makes a noise
Zookeeper Dennis tried to role call Henry the Hippo
Henry the hippo makes a noise
Zookeeper Dennis tried to role call Herk the Hippo
Herk the hippo makes a noise
Zookeeper Dennis tried to role call Ryan the Rhino
Ryan the rhino makes a noise
Zookeeper Dennis tried to role call Rex the Rhino
Rex the rhino makes a noise
Zookeeper Dennis tried to role call Carry the Cat
Carry the Cat makes a noise
Zookeeper Dennis tried to role call Carl the Cat
Carl the Cat makes a noise
Zookeeper Dennis tried to role call Tim the Tiger
Tim the Tiger makes a noise
Zookeeper Dennis tried to role call Terry the Tiger
Terry the Tiger makes a noise
Zookeeper Dennis tried to role call Derek the Dog
Derek the Wolf makes a noise
Zookeeper Dennis tried to role call Dennis the Dog
Dennis the Wolf makes a noise
Zookeeper Dennis tried to role call Wayne the Wolf
Wayne the Wolf makes a noise
Zookeeper Dennis tried to role call Wes the Wolf
Wes the Wolf makes a noise
Zookeeper Dennis tried to feed Ken the Kangaroo
Ken the Kangaroo ate
Zookeeper Dennis tried to feed Kevin the Kangaroo
Kevin the Kangaroo ate
Zookeeper Dennis tried to feed Wendy the Wombat
Wendy the Wombat ate
Zookeeper Dennis tried to feed William the Wombat
William the Wombat ate
Zookeeper Dennis tried to feed Elmer the Elephant
Elmer the elephant ate
Zookeeper Dennis tried to feed Edd the Elephant
Edd the elephant ate
Zookeeper Dennis tried to feed Henry the Hippo
Henry the hippo ate
Zookeeper Dennis tried to feed Herk the Hippo
Herk the hippo ate
Zookeeper Dennis tried to feed Ryan the Rhino
Ryan the rhino ate
Zookeeper Dennis tried to feed Rex the Rhino
Rex the rhino ate
Zookeeper Dennis tried to feed Carry the Cat
Carry the Cat eats something tasty
Zookeeper Dennis tried to feed Carl the Cat
Carl the Cat eats something tasty
Zookeeper Dennis tried to feed Tim the Tiger
Tim the Tiger eats something tasty
Zookeeper Dennis tried to feed Terry the Tiger
Terry the Tiger eats something tasty
Zookeeper Dennis tried to feed Derek the Dog
Derek the Wolf eats something tasty
Zookeeper Dennis tried to feed Dennis the Dog
Dennis the Wolf eats something tasty
Zookeeper Dennis tried to feed Wayne the Wolf
Wayne the Wolf eats something tasty
Zookeeper Dennis tried to feed Wes the Wolf
Wes the Wolf eats something tasty
Zookeeper Dennis tried to exercise Ken the Kangaroo
Ken the Kangaroo decided to roam around
Zookeeper Dennis tried to exercise Kevin the Kangaroo
Kevin the Kangaroo decided to roam around
Zookeeper Dennis tried to exercise Wendy the Wombat
Wendy the Wombat decided to roam around
Zookeeper Dennis tried to exercise William the Wombat
William the Wombat decided to roam around
Zookeeper Dennis tried to exercise Elmer the Elephant
Elmer the Elephant decided to roam around
Zookeeper Dennis tried to exercise Edd the Elephant
Edd the Elephant decided to roam around
Zookeeper Dennis tried to exercise Henry the Hippo
Henry the Hippo decided to roam around
Zookeeper Dennis tried to exercise Herk the Hippo
Herk the Hippo decided to charge rather than roam
Zookeeper Dennis tried to exercise Ryan the Rhino
Ryan the Rhino decided to roam around
Zookeeper Dennis tried to exercise Rex the Rhino
Rex the Rhino decided to roam around
Zookeeper Dennis tried to exercise Carry the Cat
Carry the Cat roams around the cage
Zookeeper Dennis tried to exercise Carl the Cat
Carl the Cat roams around the cage
Zookeeper Dennis tried to exercise Tim the Tiger
Tim the Tiger roams around the cage
Zookeeper Dennis tried to exercise Terry the Tiger
Terry the Tiger roams around the cage
Zookeeper Dennis tried to exercise Derek the Dog
Derek the Wolf dig around the cage
Zookeeper Dennis tried to exercise Dennis the Dog
Dennis the Wolf roams around the cage
Zookeeper Dennis tried to exercise Wayne the Wolf
Wayne the Wolf roams around the cage
Zookeeper Dennis tried to exercise Wes the Wolf
Wes the Wolf roams around the cage
Zookeeper Dennis tells Ken the Kangaroo to sleep.
Ken the Kangaroo went to sleep
Zookeeper Dennis tells Kevin the Kangaroo to sleep.
Kevin the Kangaroo went to sleep
Zookeeper Dennis tells Wendy the Wombat to sleep.
Wendy the Wombat went to sleep
Zookeeper Dennis tells William the Wombat to sleep.
William the Wombat went to sleep
Zookeeper Dennis tells Elmer the Elephant to sleep.
Elmer the elephant went to sleep
Zookeeper Dennis tells Edd the Elephant to sleep.
Edd the elephant went to sleep
Zookeeper Dennis tells Henry the Hippo to sleep.
Henry the hippo went to sleep
Zookeeper Dennis tells Herk the Hippo to sleep.
Herk the hippo went to sleep
Zookeeper Dennis tells Ryan the Rhino to sleep.
Ryan the rhino went to sleep
Zookeeper Dennis tells Rex the Rhino to sleep.
Rex the rhino went to sleep
Zookeeper Dennis tells Carry the Cat to sleep.
Carry the Cat roams around the cage
Zookeeper Dennis tells Carl the Cat to sleep.
Carl the Cat makes a noise
Zookeeper Dennis tells Tim the Tiger to sleep.
Tim the Tiger roams around the cage
Zookeeper Dennis tells Terry the Tiger to sleep.
Terry the Tiger roams around the cage
Zookeeper Dennis tells Derek the Dog to sleep.
Derek the Wolf sleeps in the cage
Zookeeper Dennis tells Dennis the Dog to sleep.
Dennis the Wolf sleeps in the cage
Zookeeper Dennis tells Wayne the Wolf to sleep.
Wayne the Wolf sleeps in the cage
Zookeeper Dennis tells Wes the Wolf to sleep.
Wes the Wolf sleeps in the cage
Zookeeper Dennis has left for day 2.

Zookeeper Dennis arrived for day 3.
Zookeeper Dennis put on their uniform
Zookeeper Dennis tried to wake up Ken the Kangaroo
Ken the Kangaroo woke up
Zookeeper Dennis tried to wake up Kevin the Kangaroo
Kevin the Kangaroo woke up
Zookeeper Dennis tried to wake up Wendy the Wombat
Wendy the Wombat woke up
Zookeeper Dennis tried to wake up William the Wombat
William the Wombat woke up
Zookeeper Dennis tried to wake up Elmer the Elephant
Elmer the elephant woke up
Zookeeper Dennis tried to wake up Edd the Elephant
Edd the elephant woke up
Zookeeper Dennis tried to wake up Henry the Hippo
Henry the hippo woke up
Zookeeper Dennis tried to wake up Herk the Hippo
Herk the hippo woke up
Zookeeper Dennis tried to wake up Ryan the Rhino
Ryan the rhino woke up
Zookeeper Dennis tried to wake up Rex the Rhino
Rex the rhino woke up
Zookeeper Dennis tried to wake up Carry the Cat
Carry the Cat Wakes up
Zookeeper Dennis tried to wake up Carl the Cat
Carl the Cat Wakes up
Zookeeper Dennis tried to wake up Tim the Tiger
Tim the Tiger Wakes up
Zookeeper Dennis tried to wake up Terry the Tiger
Terry the Tiger Wakes up
Zookeeper Dennis tried to wake up Derek the Dog
Derek the Wolf Wakes up
Zookeeper Dennis tried to wake up Dennis the Dog
Dennis the Wolf Wakes up
Zookeeper Dennis tried to wake up Wayne the Wolf
Wayne the Wolf Wakes up
Zookeeper Dennis tried to wake up Wes the Wolf
Wes the Wolf Wakes up
Zookeeper Dennis tried to role call Ken the Kangaroo
Ken the Kangaroo makes a noise
Zookeeper Dennis tried to role call Kevin the Kangaroo
Kevin the Kangaroo makes a noise
Zookeeper Dennis tried to role call Wendy the Wombat
Wendy the Wombat makes a noise
Zookeeper Dennis tried to role call William the Wombat
William the Wombat makes a noise
Zookeeper Dennis tried to role call Elmer the Elephant
Elmer the elephant makes a noise
Zookeeper Dennis tried to role call Edd the Elephant
Edd the elephant makes a noise
Zookeeper Dennis tried to role call Henry the Hippo
Henry the hippo makes a noise
Zookeeper Dennis tried to role call Herk the Hippo
Herk the hippo makes a noise
Zookeeper Dennis tried to role call Ryan the Rhino
Ryan the rhino makes a noise
Zookeeper Dennis tried to role call Rex the Rhino
Rex the rhino makes a noise
Zookeeper Dennis tried to role call Carry the Cat
Carry the Cat makes a noise
Zookeeper Dennis tried to role call Carl the Cat
Carl the Cat makes a noise
Zookeeper Dennis tried to role call Tim the Tiger
Tim the Tiger makes a noise
Zookeeper Dennis tried to role call Terry the Tiger
Terry the Tiger makes a noise
Zookeeper Dennis tried to role call Derek the Dog
Derek the Wolf makes a noise
Zookeeper Dennis tried to role call Dennis the Dog
Dennis the Wolf makes a noise
Zookeeper Dennis tried to role call Wayne the Wolf
Wayne the Wolf makes a noise
Zookeeper Dennis tried to role call Wes the Wolf
Wes the Wolf makes a noise
Zookeeper Dennis tried to feed Ken the Kangaroo
Ken the Kangaroo ate
Zookeeper Dennis tried to feed Kevin the Kangaroo
Kevin the Kangaroo ate
Zookeeper Dennis tried to feed Wendy the Wombat
Wendy the Wombat ate
Zookeeper Dennis tried to feed William the Wombat
William the Wombat ate
Zookeeper Dennis tried to feed Elmer the Elephant
Elmer the elephant ate
Zookeeper Dennis tried to feed Edd the Elephant
Edd the elephant ate
Zookeeper Dennis tried to feed Henry the Hippo
Henry the hippo ate
Zookeeper Dennis tried to feed Herk the Hippo
Herk the hippo ate
Zookeeper Dennis tried to feed Ryan the Rhino
Ryan the rhino ate
Zookeeper Dennis tried to feed Rex the Rhino
Rex the rhino ate
Zookeeper Dennis tried to feed Carry the Cat
Carry the Cat eats something tasty
Zookeeper Dennis tried to feed Carl the Cat
Carl the Cat eats something tasty
Zookeeper Dennis tried to feed Tim the Tiger
Tim the Tiger eats something tasty
Zookeeper Dennis tried to feed Terry the Tiger
Terry the Tiger eats something tasty
Zookeeper Dennis tried to feed Derek the Dog
Derek the Wolf eats something tasty
Zookeeper Dennis tried to feed Dennis the Dog
Dennis the Wolf eats something tasty
Zookeeper Dennis tried to feed Wayne the Wolf
Wayne the Wolf eats something tasty
Zookeeper Dennis tried to feed Wes the Wolf
Wes the Wolf eats something tasty
Zookeeper Dennis tried to exercise Ken the Kangaroo
Ken the Kangaroo decided to roam around
Zookeeper Dennis tried to exercise Kevin the Kangaroo
Kevin the Kangaroo decided to roam around
Zookeeper Dennis tried to exercise Wendy the Wombat
Wendy the Wombat decided to roam around
Zookeeper Dennis tried to exercise William the Wombat
William the Wombat decided to roam around
Zookeeper Dennis tried to exercise Elmer the Elephant
Elmer the Elephant decided to roam around
Zookeeper Dennis tried to exercise Edd the Elephant
Edd the Elephant decided to roam around
Zookeeper Dennis tried to exercise Henry the Hippo
Henry the Hippo decided to roam around
Zookeeper Dennis tried to exercise Herk the Hippo
Herk the Hippo decided to roam around
Zookeeper Dennis tried to exercise Ryan the Rhino
Ryan the Rhino decided to charge rather than roam
Zookeeper Dennis tried to exercise Rex the Rhino
Rex the Rhino decided to roam around
Zookeeper Dennis tried to exercise Carry the Cat
Carry the Cat roams around the cage
Zookeeper Dennis tried to exercise Carl the Cat
Carl the Cat roams around the cage
Zookeeper Dennis tried to exercise Tim the Tiger
Tim the Tiger roams around the cage
Zookeeper Dennis tried to exercise Terry the Tiger
Terry the Tiger roams around the cage
Zookeeper Dennis tried to exercise Derek the Dog
Derek the Wolf dig around the cage
Zookeeper Dennis tried to exercise Dennis the Dog
Dennis the Wolf roams around the cage
Zookeeper Dennis tried to exercise Wayne the Wolf
Wayne the Wolf roams around the cage
Zookeeper Dennis tried to exercise Wes the Wolf
Wes the Wolf roams around the cage
Zookeeper Dennis tells Ken the Kangaroo to sleep.
Ken the Kangaroo went to sleep
Zookeeper Dennis tells Kevin the Kangaroo to sleep.
Kevin the Kangaroo went to sleep
Zookeeper Dennis tells Wendy the Wombat to sleep.
Wendy the Wombat went to sleep
Zookeeper Dennis tells William the Wombat to sleep.
William the Wombat went to sleep
Zookeeper Dennis tells Elmer the Elephant to sleep.
Elmer the elephant went to sleep
Zookeeper Dennis tells Edd the Elephant to sleep.
Edd the elephant went to sleep
Zookeeper Dennis tells Henry the Hippo to sleep.
Henry the hippo went to sleep
Zookeeper Dennis tells Herk the Hippo to sleep.
Herk the hippo went to sleep
Zookeeper Dennis tells Ryan the Rhino to sleep.
Ryan the rhino went to sleep
Zookeeper Dennis tells Rex the Rhino to sleep.
Rex the rhino went to sleep
Zookeeper Dennis tells Carry the Cat to sleep.
Carry the Cat roams around the cage
Zookeeper Dennis tells Carl the Cat to sleep.
Carl the Cat roams around the cage
Zookeeper Dennis tells Tim the Tiger to sleep.
Tim the Tiger makes a noise
Zookeeper Dennis tells Terry the Tiger to sleep.
Terry the Tiger makes a noise
Zookeeper Dennis tells Derek the Dog to sleep.
Derek the Wolf sleeps in the cage
Zookeeper Dennis tells Dennis the Dog to sleep.
Dennis the Wolf sleeps in the cage
Zookeeper Dennis tells Wayne the Wolf to sleep.
Wayne the Wolf sleeps in the cage
Zookeeper Dennis tells Wes the Wolf to sleep.
Wes the Wolf sleeps in the cage
Zookeeper Dennis has left for day 3.

Zookeeper Dennis arrived for day 4.
Zookeeper Dennis put on their uniform
Zookeeper Dennis tried to wake up Ken the Kangaroo
Ken the Kangaroo woke up
Zookeeper Dennis tried to wake up Kevin the Kangaroo
Kevin the Kangaroo woke up
Zookeeper Dennis tried to wake up Wendy the Wombat
Wendy the Wombat woke up
Zookeeper Dennis tried to wake up William the Wombat
William the Wombat woke up
Zookeeper Dennis tried to wake up Elmer the Elephant
Elmer the elephant woke up
Zookeeper Dennis tried to wake up Edd the Elephant
Edd the elephant woke up
Zookeeper Dennis tried to wake up Henry the Hippo
Henry the hippo woke up
Zookeeper Dennis tried to wake up Herk the Hippo
Herk the hippo woke up
Zookeeper Dennis tried to wake up Ryan the Rhino
Ryan the rhino woke up
Zookeeper Dennis tried to wake up Rex the Rhino
Rex the rhino woke up
Zookeeper Dennis tried to wake up Carry the Cat
Carry the Cat Wakes up
Zookeeper Dennis tried to wake up Carl the Cat
Carl the Cat Wakes up
Zookeeper Dennis tried to wake up Tim the Tiger
Tim the Tiger Wakes up
Zookeeper Dennis tried to wake up Terry the Tiger
Terry the Tiger Wakes up
Zookeeper Dennis tried to wake up Derek the Dog
Derek the Wolf Wakes up
Zookeeper Dennis tried to wake up Dennis the Dog
Dennis the Wolf Wakes up
Zookeeper Dennis tried to wake up Wayne the Wolf
Wayne the Wolf Wakes up
Zookeeper Dennis tried to wake up Wes the Wolf
Wes the Wolf Wakes up
Zookeeper Dennis tried to role call Ken the Kangaroo
Ken the Kangaroo makes a noise
Zookeeper Dennis tried to role call Kevin the Kangaroo
Kevin the Kangaroo makes a noise
Zookeeper Dennis tried to role call Wendy the Wombat
Wendy the Wombat makes a noise
Zookeeper Dennis tried to role call William the Wombat
William the Wombat makes a noise
Zookeeper Dennis tried to role call Elmer the Elephant
Elmer the elephant makes a noise
Zookeeper Dennis tried to role call Edd the Elephant
Edd the elephant makes a noise
Zookeeper Dennis tried to role call Henry the Hippo
Henry the hippo makes a noise
Zookeeper Dennis tried to role call Herk the Hippo
Herk the hippo makes a noise
Zookeeper Dennis tried to role call Ryan the Rhino
Ryan the rhino makes a noise
Zookeeper Dennis tried to role call Rex the Rhino
Rex the rhino makes a noise
Zookeeper Dennis tried to role call Carry the Cat
Carry the Cat makes a noise
Zookeeper Dennis tried to role call Carl the Cat
Carl the Cat makes a noise
Zookeeper Dennis tried to role call Tim the Tiger
Tim the Tiger makes a noise
Zookeeper Dennis tried to role call Terry the Tiger
Terry the Tiger makes a noise
Zookeeper Dennis tried to role call Derek the Dog
Derek the Wolf makes a noise
Zookeeper Dennis tried to role call Dennis the Dog
Dennis the Wolf makes a noise
Zookeeper Dennis tried to role call Wayne the Wolf
Wayne the Wolf makes a noise
Zookeeper Dennis tried to role call Wes the Wolf
Wes the Wolf makes a noise
Zookeeper Dennis tried to feed Ken the Kangaroo
Ken the Kangaroo ate
Zookeeper Dennis tried to feed Kevin the Kangaroo
Kevin the Kangaroo ate
Zookeeper Dennis tried to feed Wendy the Wombat
Wendy the Wombat ate
Zookeeper Dennis tried to feed William the Wombat
William the Wombat ate
Zookeeper Dennis tried to feed Elmer the Elephant
Elmer the elephant ate
Zookeeper Dennis tried to feed Edd the Elephant
Edd the elephant ate
Zookeeper Dennis tried to feed Henry the Hippo
Henry the hippo ate
Zookeeper Dennis tried to feed Herk the Hippo
Herk the hippo ate
Zookeeper Dennis tried to feed Ryan the Rhino
Ryan the rhino ate
Zookeeper Dennis tried to feed Rex the Rhino
Rex the rhino ate
Zookeeper Dennis tried to feed Carry the Cat
Carry the Cat eats something tasty
Zookeeper Dennis tried to feed Carl the Cat
Carl the Cat eats something tasty
Zookeeper Dennis tried to feed Tim the Tiger
Tim the Tiger eats something tasty
Zookeeper Dennis tried to feed Terry the Tiger
Terry the Tiger eats something tasty
Zookeeper Dennis tried to feed Derek the Dog
Derek the Wolf eats something tasty
Zookeeper Dennis tried to feed Dennis the Dog
Dennis the Wolf eats something tasty
Zookeeper Dennis tried to feed Wayne the Wolf
Wayne the Wolf eats something tasty
Zookeeper Dennis tried to feed Wes the Wolf
Wes the Wolf eats something tasty
Zookeeper Dennis tried to exercise Ken the Kangaroo
Ken the Kangaroo decided to roam around
Zookeeper Dennis tried to exercise Kevin the Kangaroo
Kevin the Kangaroo decided to roam around
Zookeeper Dennis tried to exercise Wendy the Wombat
Wendy the Wombat decided to roam around
Zookeeper Dennis tried to exercise William the Wombat
William the Wombat decided to roam around
Zookeeper Dennis tried to exercise Elmer the Elephant
Elmer the Elephant decided to roam around
Zookeeper Dennis tried to exercise Edd the Elephant
Edd the Elephant decided to roam around
Zookeeper Dennis tried to exercise Henry the Hippo
Henry the Hippo decided to roam around
Zookeeper Dennis tried to exercise Herk the Hippo
Herk the Hippo decided to roam around
Zookeeper Dennis tried to exercise Ryan the Rhino
Ryan the Rhino decided to charge rather than roam
Zookeeper Dennis tried to exercise Rex the Rhino
Rex the Rhino decided to roam around
Zookeeper Dennis tried to exercise Carry the Cat
Carry the Cat roams around the cage
Zookeeper Dennis tried to exercise Carl the Cat
Carl the Cat roams around the cage
Zookeeper Dennis tried to exercise Tim the Tiger
Tim the Tiger roams around the cage
Zookeeper Dennis tried to exercise Terry the Tiger
Terry the Tiger roams around the cage
Zookeeper Dennis tried to exercise Derek the Dog
Derek the Wolf dig around the cage
Zookeeper Dennis tried to exercise Dennis the Dog
Dennis the Wolf dig around the cage
Zookeeper Dennis tried to exercise Wayne the Wolf
Wayne the Wolf roams around the cage
Zookeeper Dennis tried to exercise Wes the Wolf
Wes the Wolf roams around the cage
Zookeeper Dennis tells Ken the Kangaroo to sleep.
Ken the Kangaroo went to sleep
Zookeeper Dennis tells Kevin the Kangaroo to sleep.
Kevin the Kangaroo went to sleep
Zookeeper Dennis tells Wendy the Wombat to sleep.
Wendy the Wombat went to sleep
Zookeeper Dennis tells William the Wombat to sleep.
William the Wombat went to sleep
Zookeeper Dennis tells Elmer the Elephant to sleep.
Elmer the elephant went to sleep
Zookeeper Dennis tells Edd the Elephant to sleep.
Edd the elephant went to sleep
Zookeeper Dennis tells Henry the Hippo to sleep.
Henry the hippo went to sleep
Zookeeper Dennis tells Herk the Hippo to sleep.
Herk the hippo went to sleep
Zookeeper Dennis tells Ryan the Rhino to sleep.
Ryan the rhino went to sleep
Zookeeper Dennis tells Rex the Rhino to sleep.
Rex the rhino went to sleep
Zookeeper Dennis tells Carry the Cat to sleep.
Carry the Cat went to sleep.
Zookeeper Dennis tells Carl the Cat to sleep.
Carl the Cat makes a noise
Zookeeper Dennis tells Tim the Tiger to sleep.
Tim the Tiger makes a noise
Zookeeper Dennis tells Terry the Tiger to sleep.
Terry the Tiger went to sleep.
Zookeeper Dennis tells Derek the Dog to sleep.
Derek the Wolf sleeps in the cage
Zookeeper Dennis tells Dennis the Dog to sleep.
Dennis the Wolf sleeps in the cage
Zookeeper Dennis tells Wayne the Wolf to sleep.
Wayne the Wolf sleeps in the cage
Zookeeper Dennis tells Wes the Wolf to sleep.
Wes the Wolf sleeps in the cage
Zookeeper Dennis has left for day 4.

Zookeeper Dennis arrived for day 5.
Zookeeper Dennis put on their uniform
Zookeeper Dennis tried to wake up Ken the Kangaroo
Ken the Kangaroo woke up
Zookeeper Dennis tried to wake up Kevin the Kangaroo
Kevin the Kangaroo woke up
Zookeeper Dennis tried to wake up Wendy the Wombat
Wendy the Wombat woke up
Zookeeper Dennis tried to wake up William the Wombat
William the Wombat woke up
Zookeeper Dennis tried to wake up Elmer the Elephant
Elmer the elephant woke up
Zookeeper Dennis tried to wake up Edd the Elephant
Edd the elephant woke up
Zookeeper Dennis tried to wake up Henry the Hippo
Henry the hippo woke up
Zookeeper Dennis tried to wake up Herk the Hippo
Herk the hippo woke up
Zookeeper Dennis tried to wake up Ryan the Rhino
Ryan the rhino woke up
Zookeeper Dennis tried to wake up Rex the Rhino
Rex the rhino woke up
Zookeeper Dennis tried to wake up Carry the Cat
Carry the Cat Wakes up
Zookeeper Dennis tried to wake up Carl the Cat
Carl the Cat Wakes up
Zookeeper Dennis tried to wake up Tim the Tiger
Tim the Tiger Wakes up
Zookeeper Dennis tried to wake up Terry the Tiger
Terry the Tiger Wakes up
Zookeeper Dennis tried to wake up Derek the Dog
Derek the Wolf Wakes up
Zookeeper Dennis tried to wake up Dennis the Dog
Dennis the Wolf Wakes up
Zookeeper Dennis tried to wake up Wayne the Wolf
Wayne the Wolf Wakes up
Zookeeper Dennis tried to wake up Wes the Wolf
Wes the Wolf Wakes up
Zookeeper Dennis tried to role call Ken the Kangaroo
Ken the Kangaroo makes a noise
Zookeeper Dennis tried to role call Kevin the Kangaroo
Kevin the Kangaroo makes a noise
Zookeeper Dennis tried to role call Wendy the Wombat
Wendy the Wombat makes a noise
Zookeeper Dennis tried to role call William the Wombat
William the Wombat makes a noise
Zookeeper Dennis tried to role call Elmer the Elephant
Elmer the elephant makes a noise
Zookeeper Dennis tried to role call Edd the Elephant
Edd the elephant makes a noise
Zookeeper Dennis tried to role call Henry the Hippo
Henry the hippo makes a noise
Zookeeper Dennis tried to role call Herk the Hippo
Herk the hippo makes a noise
Zookeeper Dennis tried to role call Ryan the Rhino
Ryan the rhino makes a noise
Zookeeper Dennis tried to role call Rex the Rhino
Rex the rhino makes a noise
Zookeeper Dennis tried to role call Carry the Cat
Carry the Cat makes a noise
Zookeeper Dennis tried to role call Carl the Cat
Carl the Cat makes a noise
Zookeeper Dennis tried to role call Tim the Tiger
Tim the Tiger makes a noise
Zookeeper Dennis tried to role call Terry the Tiger
Terry the Tiger makes a noise
Zookeeper Dennis tried to role call Derek the Dog
Derek the Wolf makes a noise
Zookeeper Dennis tried to role call Dennis the Dog
Dennis the Wolf makes a noise
Zookeeper Dennis tried to role call Wayne the Wolf
Wayne the Wolf makes a noise
Zookeeper Dennis tried to role call Wes the Wolf
Wes the Wolf makes a noise
Zookeeper Dennis tried to feed Ken the Kangaroo
Ken the Kangaroo ate
Zookeeper Dennis tried to feed Kevin the Kangaroo
Kevin the Kangaroo ate
Zookeeper Dennis tried to feed Wendy the Wombat
Wendy the Wombat ate
Zookeeper Dennis tried to feed William the Wombat
William the Wombat ate
Zookeeper Dennis tried to feed Elmer the Elephant
Elmer the elephant ate
Zookeeper Dennis tried to feed Edd the Elephant
Edd the elephant ate
Zookeeper Dennis tried to feed Henry the Hippo
Henry the hippo ate
Zookeeper Dennis tried to feed Herk the Hippo
Herk the hippo ate
Zookeeper Dennis tried to feed Ryan the Rhino
Ryan the rhino ate
Zookeeper Dennis tried to feed Rex the Rhino
Rex the rhino ate
Zookeeper Dennis tried to feed Carry the Cat
Carry the Cat eats something tasty
Zookeeper Dennis tried to feed Carl the Cat
Carl the Cat eats something tasty
Zookeeper Dennis tried to feed Tim the Tiger
Tim the Tiger eats something tasty
Zookeeper Dennis tried to feed Terry the Tiger
Terry the Tiger eats something tasty
Zookeeper Dennis tried to feed Derek the Dog
Derek the Wolf eats something tasty
Zookeeper Dennis tried to feed Dennis the Dog
Dennis the Wolf eats something tasty
Zookeeper Dennis tried to feed Wayne the Wolf
Wayne the Wolf eats something tasty
Zookeeper Dennis tried to feed Wes the Wolf
Wes the Wolf eats something tasty
Zookeeper Dennis tried to exercise Ken the Kangaroo
Ken the Kangaroo decided to roam around
Zookeeper Dennis tried to exercise Kevin the Kangaroo
Kevin the Kangaroo decided to roam around
Zookeeper Dennis tried to exercise Wendy the Wombat
Wendy the Wombat decided to roam around
Zookeeper Dennis tried to exercise William the Wombat
William the Wombat decided to roam around
Zookeeper Dennis tried to exercise Elmer the Elephant
Elmer the Elephant decided to roam around
Zookeeper Dennis tried to exercise Edd the Elephant
Edd the Elephant decided to roam around
Zookeeper Dennis tried to exercise Henry the Hippo
Henry the Hippo decided to roam around
Zookeeper Dennis tried to exercise Herk the Hippo
Herk the Hippo decided to roam around
Zookeeper Dennis tried to exercise Ryan the Rhino
Ryan the Rhino decided to charge rather than roam
Zookeeper Dennis tried to exercise Rex the Rhino
Rex the Rhino decided to roam around
Zookeeper Dennis tried to exercise Carry the Cat
Carry the Cat roams around the cage
Zookeeper Dennis tried to exercise Carl the Cat
Carl the Cat roams around the cage
Zookeeper Dennis tried to exercise Tim the Tiger
Tim the Tiger roams around the cage
Zookeeper Dennis tried to exercise Terry the Tiger
Terry the Tiger roams around the cage
Zookeeper Dennis tried to exercise Derek the Dog
Derek the Wolf dig around the cage
Zookeeper Dennis tried to exercise Dennis the Dog
Dennis the Wolf dig around the cage
Zookeeper Dennis tried to exercise Wayne the Wolf
Wayne the Wolf roams around the cage
Zookeeper Dennis tried to exercise Wes the Wolf
Wes the Wolf roams around the cage
Zookeeper Dennis tells Ken the Kangaroo to sleep.
Ken the Kangaroo went to sleep
Zookeeper Dennis tells Kevin the Kangaroo to sleep.
Kevin the Kangaroo went to sleep
Zookeeper Dennis tells Wendy the Wombat to sleep.
Wendy the Wombat went to sleep
Zookeeper Dennis tells William the Wombat to sleep.
William the Wombat went to sleep
Zookeeper Dennis tells Elmer the Elephant to sleep.
Elmer the elephant went to sleep
Zookeeper Dennis tells Edd the Elephant to sleep.
Edd the elephant went to sleep
Zookeeper Dennis tells Henry the Hippo to sleep.
Henry the hippo went to sleep
Zookeeper Dennis tells Herk the Hippo to sleep.
Herk the hippo went to sleep
Zookeeper Dennis tells Ryan the Rhino to sleep.
Ryan the rhino went to sleep
Zookeeper Dennis tells Rex the Rhino to sleep.
Rex the rhino went to sleep
Zookeeper Dennis tells Carry the Cat to sleep.
Carry the Cat went to sleep.
Zookeeper Dennis tells Carl the Cat to sleep.
Carl the Cat went to sleep.
Zookeeper Dennis tells Tim the Tiger to sleep.
Tim the Tiger roams around the cage
Zookeeper Dennis tells Terry the Tiger to sleep.
Terry the Tiger makes a noise
Zookeeper Dennis tells Derek the Dog to sleep.
Derek the Wolf sleeps in the cage
Zookeeper Dennis tells Dennis the Dog to sleep.
Dennis the Wolf sleeps in the cage
Zookeeper Dennis tells Wayne the Wolf to sleep.
Wayne the Wolf sleeps in the cage
Zookeeper Dennis tells Wes the Wolf to sleep.
Wes the Wolf sleeps in the cage
Zookeeper Dennis has left for day 5.

Zookeeper Dennis arrived for day 6.
Zookeeper Dennis put on their uniform
Zookeeper Dennis tried to wake up Ken the Kangaroo
Ken the Kangaroo woke up
Zookeeper Dennis tried to wake up Kevin the Kangaroo
Kevin the Kangaroo woke up
Zookeeper Dennis tried to wake up Wendy the Wombat
Wendy the Wombat woke up
Zookeeper Dennis tried to wake up William the Wombat
William the Wombat woke up
Zookeeper Dennis tried to wake up Elmer the Elephant
Elmer the elephant woke up
Zookeeper Dennis tried to wake up Edd the Elephant
Edd the elephant woke up
Zookeeper Dennis tried to wake up Henry the Hippo
Henry the hippo woke up
Zookeeper Dennis tried to wake up Herk the Hippo
Herk the hippo woke up
Zookeeper Dennis tried to wake up Ryan the Rhino
Ryan the rhino woke up
Zookeeper Dennis tried to wake up Rex the Rhino
Rex the rhino woke up
Zookeeper Dennis tried to wake up Carry the Cat
Carry the Cat Wakes up
Zookeeper Dennis tried to wake up Carl the Cat
Carl the Cat Wakes up
Zookeeper Dennis tried to wake up Tim the Tiger
Tim the Tiger Wakes up
Zookeeper Dennis tried to wake up Terry the Tiger
Terry the Tiger Wakes up
Zookeeper Dennis tried to wake up Derek the Dog
Derek the Wolf Wakes up
Zookeeper Dennis tried to wake up Dennis the Dog
Dennis the Wolf Wakes up
Zookeeper Dennis tried to wake up Wayne the Wolf
Wayne the Wolf Wakes up
Zookeeper Dennis tried to wake up Wes the Wolf
Wes the Wolf Wakes up
Zookeeper Dennis tried to role call Ken the Kangaroo
Ken the Kangaroo makes a noise
Zookeeper Dennis tried to role call Kevin the Kangaroo
Kevin the Kangaroo makes a noise
Zookeeper Dennis tried to role call Wendy the Wombat
Wendy the Wombat makes a noise
Zookeeper Dennis tried to role call William the Wombat
William the Wombat makes a noise
Zookeeper Dennis tried to role call Elmer the Elephant
Elmer the elephant makes a noise
Zookeeper Dennis tried to role call Edd the Elephant
Edd the elephant makes a noise
Zookeeper Dennis tried to role call Henry the Hippo
Henry the hippo makes a noise
Zookeeper Dennis tried to role call Herk the Hippo
Herk the hippo makes a noise
Zookeeper Dennis tried to role call Ryan the Rhino
Ryan the rhino makes a noise
Zookeeper Dennis tried to role call Rex the Rhino
Rex the rhino makes a noise
Zookeeper Dennis tried to role call Carry the Cat
Carry the Cat makes a noise
Zookeeper Dennis tried to role call Carl the Cat
Carl the Cat makes a noise
Zookeeper Dennis tried to role call Tim the Tiger
Tim the Tiger makes a noise
Zookeeper Dennis tried to role call Terry the Tiger
Terry the Tiger makes a noise
Zookeeper Dennis tried to role call Derek the Dog
Derek the Wolf makes a noise
Zookeeper Dennis tried to role call Dennis the Dog
Dennis the Wolf makes a noise
Zookeeper Dennis tried to role call Wayne the Wolf
Wayne the Wolf makes a noise
Zookeeper Dennis tried to role call Wes the Wolf
Wes the Wolf makes a noise
Zookeeper Dennis tried to feed Ken the Kangaroo
Ken the Kangaroo ate
Zookeeper Dennis tried to feed Kevin the Kangaroo
Kevin the Kangaroo ate
Zookeeper Dennis tried to feed Wendy the Wombat
Wendy the Wombat ate
Zookeeper Dennis tried to feed William the Wombat
William the Wombat ate
Zookeeper Dennis tried to feed Elmer the Elephant
Elmer the elephant ate
Zookeeper Dennis tried to feed Edd the Elephant
Edd the elephant ate
Zookeeper Dennis tried to feed Henry the Hippo
Henry the hippo ate
Zookeeper Dennis tried to feed Herk the Hippo
Herk the hippo ate
Zookeeper Dennis tried to feed Ryan the Rhino
Ryan the rhino ate
Zookeeper Dennis tried to feed Rex the Rhino
Rex the rhino ate
Zookeeper Dennis tried to feed Carry the Cat
Carry the Cat eats something tasty
Zookeeper Dennis tried to feed Carl the Cat
Carl the Cat eats something tasty
Zookeeper Dennis tried to feed Tim the Tiger
Tim the Tiger eats something tasty
Zookeeper Dennis tried to feed Terry the Tiger
Terry the Tiger eats something tasty
Zookeeper Dennis tried to feed Derek the Dog
Derek the Wolf eats something tasty
Zookeeper Dennis tried to feed Dennis the Dog
Dennis the Wolf eats something tasty
Zookeeper Dennis tried to feed Wayne the Wolf
Wayne the Wolf eats something tasty
Zookeeper Dennis tried to feed Wes the Wolf
Wes the Wolf eats something tasty
Zookeeper Dennis tried to exercise Ken the Kangaroo
Ken the Kangaroo decided to roam around
Zookeeper Dennis tried to exercise Kevin the Kangaroo
Kevin the Kangaroo decided to roam around
Zookeeper Dennis tried to exercise Wendy the Wombat
Wendy the Wombat decided to roam around
Zookeeper Dennis tried to exercise William the Wombat
William the Wombat decided to roam around
Zookeeper Dennis tried to exercise Elmer the Elephant
Elmer the Elephant decided to charge rather than roam
Zookeeper Dennis tried to exercise Edd the Elephant
Edd the Elephant decided to charge rather than roam
Zookeeper Dennis tried to exercise Henry the Hippo
Henry the Hippo decided to roam around
Zookeeper Dennis tried to exercise Herk the Hippo
Herk the Hippo decided to roam around
Zookeeper Dennis tried to exercise Ryan the Rhino
Ryan the Rhino decided to roam around
Zookeeper Dennis tried to exercise Rex the Rhino
Rex the Rhino decided to roam around
Zookeeper Dennis tried to exercise Carry the Cat
Carry the Cat roams around the cage
Zookeeper Dennis tried to exercise Carl the Cat
Carl the Cat roams around the cage
Zookeeper Dennis tried to exercise Tim the Tiger
Tim the Tiger roams around the cage
Zookeeper Dennis tried to exercise Terry the Tiger
Terry the Tiger roams around the cage
Zookeeper Dennis tried to exercise Derek the Dog
Derek the Wolf dig around the cage
Zookeeper Dennis tried to exercise Dennis the Dog
Dennis the Wolf dig around the cage
Zookeeper Dennis tried to exercise Wayne the Wolf
Wayne the Wolf roams around the cage
Zookeeper Dennis tried to exercise Wes the Wolf
Wes the Wolf roams around the cage
Zookeeper Dennis tells Ken the Kangaroo to sleep.
Ken the Kangaroo went to sleep
Zookeeper Dennis tells Kevin the Kangaroo to sleep.
Kevin the Kangaroo went to sleep
Zookeeper Dennis tells Wendy the Wombat to sleep.
Wendy the Wombat went to sleep
Zookeeper Dennis tells William the Wombat to sleep.
William the Wombat went to sleep
Zookeeper Dennis tells Elmer the Elephant to sleep.
Elmer the elephant went to sleep
Zookeeper Dennis tells Edd the Elephant to sleep.
Edd the elephant went to sleep
Zookeeper Dennis tells Henry the Hippo to sleep.
Henry the hippo went to sleep
Zookeeper Dennis tells Herk the Hippo to sleep.
Herk the hippo went to sleep
Zookeeper Dennis tells Ryan the Rhino to sleep.
Ryan the rhino went to sleep
Zookeeper Dennis tells Rex the Rhino to sleep.
Rex the rhino went to sleep
Zookeeper Dennis tells Carry the Cat to sleep.
Carry the Cat makes a noise
Zookeeper Dennis tells Carl the Cat to sleep.
Carl the Cat went to sleep.
Zookeeper Dennis tells Tim the Tiger to sleep.
Tim the Tiger went to sleep.
Zookeeper Dennis tells Terry the Tiger to sleep.
Terry the Tiger makes a noise
Zookeeper Dennis tells Derek the Dog to sleep.
Derek the Wolf sleeps in the cage
Zookeeper Dennis tells Dennis the Dog to sleep.
Dennis the Wolf sleeps in the cage
Zookeeper Dennis tells Wayne the Wolf to sleep.
Wayne the Wolf sleeps in the cage
Zookeeper Dennis tells Wes the Wolf to sleep.
Wes the Wolf sleeps in the cage
Zookeeper Dennis has left for day 6.

Zookeeper Dennis arrived for day 7.
Zookeeper Dennis put on their uniform
Zookeeper Dennis tried to wake up Ken the Kangaroo
Ken the Kangaroo woke up
Zookeeper Dennis tried to wake up Kevin the Kangaroo
Kevin the Kangaroo woke up
Zookeeper Dennis tried to wake up Wendy the Wombat
Wendy the Wombat woke up
Zookeeper Dennis tried to wake up William the Wombat
William the Wombat woke up
Zookeeper Dennis tried to wake up Elmer the Elephant
Elmer the elephant woke up
Zookeeper Dennis tried to wake up Edd the Elephant
Edd the elephant woke up
Zookeeper Dennis tried to wake up Henry the Hippo
Henry the hippo woke up
Zookeeper Dennis tried to wake up Herk the Hippo
Herk the hippo woke up
Zookeeper Dennis tried to wake up Ryan the Rhino
Ryan the rhino woke up
Zookeeper Dennis tried to wake up Rex the Rhino
Rex the rhino woke up
Zookeeper Dennis tried to wake up Carry the Cat
Carry the Cat Wakes up
Zookeeper Dennis tried to wake up Carl the Cat
Carl the Cat Wakes up
Zookeeper Dennis tried to wake up Tim the Tiger
Tim the Tiger Wakes up
Zookeeper Dennis tried to wake up Terry the Tiger
Terry the Tiger Wakes up
Zookeeper Dennis tried to wake up Derek the Dog
Derek the Wolf Wakes up
Zookeeper Dennis tried to wake up Dennis the Dog
Dennis the Wolf Wakes up
Zookeeper Dennis tried to wake up Wayne the Wolf
Wayne the Wolf Wakes up
Zookeeper Dennis tried to wake up Wes the Wolf
Wes the Wolf Wakes up
Zookeeper Dennis tried to role call Ken the Kangaroo
Ken the Kangaroo makes a noise
Zookeeper Dennis tried to role call Kevin the Kangaroo
Kevin the Kangaroo makes a noise
Zookeeper Dennis tried to role call Wendy the Wombat
Wendy the Wombat makes a noise
Zookeeper Dennis tried to role call William the Wombat
William the Wombat makes a noise
Zookeeper Dennis tried to role call Elmer the Elephant
Elmer the elephant makes a noise
Zookeeper Dennis tried to role call Edd the Elephant
Edd the elephant makes a noise
Zookeeper Dennis tried to role call Henry the Hippo
Henry the hippo makes a noise
Zookeeper Dennis tried to role call Herk the Hippo
Herk the hippo makes a noise
Zookeeper Dennis tried to role call Ryan the Rhino
Ryan the rhino makes a noise
Zookeeper Dennis tried to role call Rex the Rhino
Rex the rhino makes a noise
Zookeeper Dennis tried to role call Carry the Cat
Carry the Cat makes a noise
Zookeeper Dennis tried to role call Carl the Cat
Carl the Cat makes a noise
Zookeeper Dennis tried to role call Tim the Tiger
Tim the Tiger makes a noise
Zookeeper Dennis tried to role call Terry the Tiger
Terry the Tiger makes a noise
Zookeeper Dennis tried to role call Derek the Dog
Derek the Wolf makes a noise
Zookeeper Dennis tried to role call Dennis the Dog
Dennis the Wolf makes a noise
Zookeeper Dennis tried to role call Wayne the Wolf
Wayne the Wolf makes a noise
Zookeeper Dennis tried to role call Wes the Wolf
Wes the Wolf makes a noise
Zookeeper Dennis tried to feed Ken the Kangaroo
Ken the Kangaroo ate
Zookeeper Dennis tried to feed Kevin the Kangaroo
Kevin the Kangaroo ate
Zookeeper Dennis tried to feed Wendy the Wombat
Wendy the Wombat ate
Zookeeper Dennis tried to feed William the Wombat
William the Wombat ate
Zookeeper Dennis tried to feed Elmer the Elephant
Elmer the elephant ate
Zookeeper Dennis tried to feed Edd the Elephant
Edd the elephant ate
Zookeeper Dennis tried to feed Henry the Hippo
Henry the hippo ate
Zookeeper Dennis tried to feed Herk the Hippo
Herk the hippo ate
Zookeeper Dennis tried to feed Ryan the Rhino
Ryan the rhino ate
Zookeeper Dennis tried to feed Rex the Rhino
Rex the rhino ate
Zookeeper Dennis tried to feed Carry the Cat
Carry the Cat eats something tasty
Zookeeper Dennis tried to feed Carl the Cat
Carl the Cat eats something tasty
Zookeeper Dennis tried to feed Tim the Tiger
Tim the Tiger eats something tasty
Zookeeper Dennis tried to feed Terry the Tiger
Terry the Tiger eats something tasty
Zookeeper Dennis tried to feed Derek the Dog
Derek the Wolf eats something tasty
Zookeeper Dennis tried to feed Dennis the Dog
Dennis the Wolf eats something tasty
Zookeeper Dennis tried to feed Wayne the Wolf
Wayne the Wolf eats something tasty
Zookeeper Dennis tried to feed Wes the Wolf
Wes the Wolf eats something tasty
Zookeeper Dennis tried to exercise Ken the Kangaroo
Ken the Kangaroo decided to roam around
Zookeeper Dennis tried to exercise Kevin the Kangaroo
Kevin the Kangaroo decided to roam around
Zookeeper Dennis tried to exercise Wendy the Wombat
Wendy the Wombat decided to roam around
Zookeeper Dennis tried to exercise William the Wombat
William the Wombat decided to roam around
Zookeeper Dennis tried to exercise Elmer the Elephant
Elmer the Elephant decided to roam around
Zookeeper Dennis tried to exercise Edd the Elephant
Edd the Elephant decided to roam around
Zookeeper Dennis tried to exercise Henry the Hippo
Henry the Hippo decided to roam around
Zookeeper Dennis tried to exercise Herk the Hippo
Herk the Hippo decided to charge rather than roam
Zookeeper Dennis tried to exercise Ryan the Rhino
Ryan the Rhino decided to roam around
Zookeeper Dennis tried to exercise Rex the Rhino
Rex the Rhino decided to charge rather than roam
Zookeeper Dennis tried to exercise Carry the Cat
Carry the Cat roams around the cage
Zookeeper Dennis tried to exercise Carl the Cat
Carl the Cat roams around the cage
Zookeeper Dennis tried to exercise Tim the Tiger
Tim the Tiger roams around the cage
Zookeeper Dennis tried to exercise Terry the Tiger
Terry the Tiger roams around the cage
Zookeeper Dennis tried to exercise Derek the Dog
Derek the Wolf roams around the cage
Zookeeper Dennis tried to exercise Dennis the Dog
Dennis the Wolf dig around the cage
Zookeeper Dennis tried to exercise Wayne the Wolf
Wayne the Wolf roams around the cage
Zookeeper Dennis tried to exercise Wes the Wolf
Wes the Wolf roams around the cage
Zookeeper Dennis tells Ken the Kangaroo to sleep.
Ken the Kangaroo went to sleep
Zookeeper Dennis tells Kevin the Kangaroo to sleep.
Kevin the Kangaroo went to sleep
Zookeeper Dennis tells Wendy the Wombat to sleep.
Wendy the Wombat went to sleep
Zookeeper Dennis tells William the Wombat to sleep.
William the Wombat went to sleep
Zookeeper Dennis tells Elmer the Elephant to sleep.
Elmer the elephant went to sleep
Zookeeper Dennis tells Edd the Elephant to sleep.
Edd the elephant went to sleep
Zookeeper Dennis tells Henry the Hippo to sleep.
Henry the hippo went to sleep
Zookeeper Dennis tells Herk the Hippo to sleep.
Herk the hippo went to sleep
Zookeeper Dennis tells Ryan the Rhino to sleep.
Ryan the rhino went to sleep
Zookeeper Dennis tells Rex the Rhino to sleep.
Rex the rhino went to sleep
Zookeeper Dennis tells Carry the Cat to sleep.
Carry the Cat roams around the cage
Zookeeper Dennis tells Carl the Cat to sleep.
Carl the Cat went to sleep.
Zookeeper Dennis tells Tim the Tiger to sleep.
Tim the Tiger roams around the cage
Zookeeper Dennis tells Terry the Tiger to sleep.
Terry the Tiger makes a noise
Zookeeper Dennis tells Derek the Dog to sleep.
Derek the Wolf sleeps in the cage
Zookeeper Dennis tells Dennis the Dog to sleep.
Dennis the Wolf sleeps in the cage
Zookeeper Dennis tells Wayne the Wolf to sleep.
Wayne the Wolf sleeps in the cage
Zookeeper Dennis tells Wes the Wolf to sleep.
Wes the Wolf sleeps in the cage
Zookeeper Dennis has left for day 7.

